[2022-04-22T22:54:28.245Z] Server started

NO LOG FILE! - setting up server logging...
[2022-04-22 22:54:28:694 INFO] Starting Server
[2022-04-22 22:54:28:694 INFO] Version 1.18.30.04
[2022-04-22 22:54:28:694 INFO] Session ID 51072472-f35f-41fe-9223-4ee7d21dd524
[2022-04-22 22:54:28:694 INFO] Level Name: Bedrock level
[2022-04-22 22:54:28:695 INFO] Game mode: 0 Survival
[2022-04-22 22:54:28:695 INFO] Difficulty: 1 EASY
[2022-04-22 22:54:28:747 INFO] opening worlds/Bedrock level/db
[2022-04-22 22:54:28:288 INFO] IPv4 supported, port: 19132
[2022-04-22 22:54:28:288 INFO] IPv6 not supported
[2022-04-22 22:54:29:551 INFO] Server started.
Saving...
The command is already running
A previous save has not been completed.
[2022-04-22 22:54:30:514 INFO] IPv4 supported, port: 58630
[2022-04-22 22:54:30:514 INFO] IPv6 not supported
The command is already running
Data saved. Files are now ready to be copied.
Bedrock level/db/000007.ldb:441, Bedrock level/db/CURRENT:16, Bedrock level/db/000014.log:0, Bedrock level/db/MANIFEST-000012:203, Bedrock level/db/000010.ldb:613, Bedrock level/db/000013.ldb:396, Bedrock level/level.dat:2544, Bedrock level/level.dat_old:2544, Bedrock level/levelname.txt:13
Changes to the world are resumed.
Saving...
Data saved. Files are now ready to be copied.
Bedrock level/db/000007.ldb:441, Bedrock level/db/CURRENT:16, Bedrock level/db/000014.log:0, Bedrock level/db/MANIFEST-000012:203, Bedrock level/db/000010.ldb:613, Bedrock level/db/000013.ldb:396, Bedrock level/level.dat:2544, Bedrock level/level.dat_old:2544, Bedrock level/levelname.txt:13
Changes to the world are resumed.
Saving...
Data saved. Files are now ready to be copied.
Bedrock level/db/000007.ldb:441, Bedrock level/db/CURRENT:16, Bedrock level/db/000014.log:0, Bedrock level/db/MANIFEST-000012:203, Bedrock level/db/000010.ldb:613, Bedrock level/db/000013.ldb:396, Bedrock level/level.dat:2544, Bedrock level/level.dat_old:2544, Bedrock level/levelname.txt:13
Changes to the world are resumed.
Saving...
Data saved. Files are now ready to be copied.
Bedrock level/db/000007.ldb:441, Bedrock level/db/CURRENT:16, Bedrock level/db/000014.log:324, Bedrock level/db/MANIFEST-000012:203, Bedrock level/db/000010.ldb:613, Bedrock level/db/000013.ldb:396, Bedrock level/level.dat:2544, Bedrock level/level.dat_old:2544, Bedrock level/levelname.txt:13
Changes to the world are resumed.
Saving...
Data saved. Files are now ready to be copied.
Bedrock level/db/000007.ldb:441, Bedrock level/db/CURRENT:16, Bedrock level/db/000014.log:324, Bedrock level/db/MANIFEST-000012:203, Bedrock level/db/000010.ldb:613, Bedrock level/db/000013.ldb:396, Bedrock level/level.dat:2544, Bedrock level/level.dat_old:2544, Bedrock level/levelname.txt:13
Changes to the world are resumed.
Saving...
Data saved. Files are now ready to be copied.
Bedrock level/db/000007.ldb:441, Bedrock level/db/CURRENT:16, Bedrock level/db/000014.log:324, Bedrock level/db/MANIFEST-000012:203, Bedrock level/db/000010.ldb:613, Bedrock level/db/000013.ldb:396, Bedrock level/level.dat:2544, Bedrock level/level.dat_old:2544, Bedrock level/levelname.txt:13
Changes to the world are resumed.
Saving...
Data saved. Files are now ready to be copied.
Bedrock level/db/000007.ldb:441, Bedrock level/db/CURRENT:16, Bedrock level/db/000014.log:324, Bedrock level/db/MANIFEST-000012:203, Bedrock level/db/000010.ldb:613, Bedrock level/db/000013.ldb:396, Bedrock level/level.dat:2544, Bedrock level/level.dat_old:2544, Bedrock level/levelname.txt:13
Changes to the world are resumed.
Saving...
Data saved. Files are now ready to be copied.
Bedrock level/db/000007.ldb:441, Bedrock level/db/CURRENT:16, Bedrock level/db/000014.log:324, Bedrock level/db/MANIFEST-000012:203, Bedrock level/db/000010.ldb:613, Bedrock level/db/000013.ldb:396, Bedrock level/level.dat:2544, Bedrock level/level.dat_old:2544, Bedrock level/levelname.txt:13
Changes to the world are resumed.
Saving...
Data saved. Files are now ready to be copied.
Bedrock level/db/000007.ldb:441, Bedrock level/db/CURRENT:16, Bedrock level/db/000014.log:648, Bedrock level/db/MANIFEST-000012:203, Bedrock level/db/000010.ldb:613, Bedrock level/db/000013.ldb:396, Bedrock level/level.dat:2544, Bedrock level/level.dat_old:2544, Bedrock level/levelname.txt:13
Changes to the world are resumed.
Saving...
Data saved. Files are now ready to be copied.
Bedrock level/db/000007.ldb:441, Bedrock level/db/CURRENT:16, Bedrock level/db/000014.log:648, Bedrock level/db/MANIFEST-000012:203, Bedrock level/db/000010.ldb:613, Bedrock level/db/000013.ldb:396, Bedrock level/level.dat:2544, Bedrock level/level.dat_old:2544, Bedrock level/levelname.txt:13
Changes to the world are resumed.
Saving...
Data saved. Files are now ready to be copied.
Bedrock level/db/000007.ldb:441, Bedrock level/db/CURRENT:16, Bedrock level/db/000014.log:648, Bedrock level/db/MANIFEST-000012:203, Bedrock level/db/000010.ldb:613, Bedrock level/db/000013.ldb:396, Bedrock level/level.dat:2544, Bedrock level/level.dat_old:2544, Bedrock level/levelname.txt:13
Changes to the world are resumed.
Saving...
Data saved. Files are now ready to be copied.
Bedrock level/db/000007.ldb:441, Bedrock level/db/CURRENT:16, Bedrock level/db/000014.log:648, Bedrock level/db/MANIFEST-000012:203, Bedrock level/db/000010.ldb:613, Bedrock level/db/000013.ldb:396, Bedrock level/level.dat:2544, Bedrock level/level.dat_old:2544, Bedrock level/levelname.txt:13
Changes to the world are resumed.
Saving...
Data saved. Files are now ready to be copied.
Bedrock level/db/000007.ldb:441, Bedrock level/db/CURRENT:16, Bedrock level/db/000014.log:648, Bedrock level/db/MANIFEST-000012:203, Bedrock level/db/000010.ldb:613, Bedrock level/db/000013.ldb:396, Bedrock level/level.dat:2544, Bedrock level/level.dat_old:2544, Bedrock level/levelname.txt:13
Changes to the world are resumed.
Saving...
Data saved. Files are now ready to be copied.
Bedrock level/db/000007.ldb:441, Bedrock level/db/CURRENT:16, Bedrock level/db/000014.log:972, Bedrock level/db/MANIFEST-000012:203, Bedrock level/db/000010.ldb:613, Bedrock level/db/000013.ldb:396, Bedrock level/level.dat:2544, Bedrock level/level.dat_old:2544, Bedrock level/levelname.txt:13
Changes to the world are resumed.
Saving...
Data saved. Files are now ready to be copied.
Bedrock level/db/000007.ldb:441, Bedrock level/db/CURRENT:16, Bedrock level/db/000014.log:972, Bedrock level/db/MANIFEST-000012:203, Bedrock level/db/000010.ldb:613, Bedrock level/db/000013.ldb:396, Bedrock level/level.dat:2544, Bedrock level/level.dat_old:2544, Bedrock level/levelname.txt:13
Changes to the world are resumed.
Saving...
Data saved. Files are now ready to be copied.
Bedrock level/db/000007.ldb:441, Bedrock level/db/CURRENT:16, Bedrock level/db/000014.log:972, Bedrock level/db/MANIFEST-000012:203, Bedrock level/db/000010.ldb:613, Bedrock level/db/000013.ldb:396, Bedrock level/level.dat:2544, Bedrock level/level.dat_old:2544, Bedrock level/levelname.txt:13
Changes to the world are resumed.
Saving...
Data saved. Files are now ready to be copied.
Bedrock level/db/000007.ldb:441, Bedrock level/db/CURRENT:16, Bedrock level/db/000014.log:972, Bedrock level/db/MANIFEST-000012:203, Bedrock level/db/000010.ldb:613, Bedrock level/db/000013.ldb:396, Bedrock level/level.dat:2544, Bedrock level/level.dat_old:2544, Bedrock level/levelname.txt:13
Changes to the world are resumed.
Saving...
Data saved. Files are now ready to be copied.
Bedrock level/db/000007.ldb:441, Bedrock level/db/CURRENT:16, Bedrock level/db/000014.log:972, Bedrock level/db/MANIFEST-000012:203, Bedrock level/db/000010.ldb:613, Bedrock level/db/000013.ldb:396, Bedrock level/level.dat:2544, Bedrock level/level.dat_old:2544, Bedrock level/levelname.txt:13
Changes to the world are resumed.
Saving...
Data saved. Files are now ready to be copied.
Bedrock level/db/000007.ldb:441, Bedrock level/db/CURRENT:16, Bedrock level/db/000014.log:1296, Bedrock level/db/MANIFEST-000012:203, Bedrock level/db/000010.ldb:613, Bedrock level/db/000013.ldb:396, Bedrock level/level.dat:2544, Bedrock level/level.dat_old:2544, Bedrock level/levelname.txt:13
Changes to the world are resumed.
Saving...
Data saved. Files are now ready to be copied.
Bedrock level/db/000007.ldb:441, Bedrock level/db/CURRENT:16, Bedrock level/db/000014.log:1296, Bedrock level/db/MANIFEST-000012:203, Bedrock level/db/000010.ldb:613, Bedrock level/db/000013.ldb:396, Bedrock level/level.dat:2544, Bedrock level/level.dat_old:2544, Bedrock level/levelname.txt:13
Changes to the world are resumed.
Saving...
Data saved. Files are now ready to be copied.
Bedrock level/db/000007.ldb:441, Bedrock level/db/CURRENT:16, Bedrock level/db/000014.log:1296, Bedrock level/db/MANIFEST-000012:203, Bedrock level/db/000010.ldb:613, Bedrock level/db/000013.ldb:396, Bedrock level/level.dat:2544, Bedrock level/level.dat_old:2544, Bedrock level/levelname.txt:13
Changes to the world are resumed.
Saving...
Data saved. Files are now ready to be copied.
Bedrock level/db/000007.ldb:441, Bedrock level/db/CURRENT:16, Bedrock level/db/000014.log:1296, Bedrock level/db/MANIFEST-000012:203, Bedrock level/db/000010.ldb:613, Bedrock level/db/000013.ldb:396, Bedrock level/level.dat:2544, Bedrock level/level.dat_old:2544, Bedrock level/levelname.txt:13
Changes to the world are resumed.
Saving...
Data saved. Files are now ready to be copied.
Bedrock level/db/000007.ldb:441, Bedrock level/db/CURRENT:16, Bedrock level/db/000014.log:1296, Bedrock level/db/MANIFEST-000012:203, Bedrock level/db/000010.ldb:613, Bedrock level/db/000013.ldb:396, Bedrock level/level.dat:2544, Bedrock level/level.dat_old:2544, Bedrock level/levelname.txt:13
Changes to the world are resumed.
Saving...
Data saved. Files are now ready to be copied.
Bedrock level/db/000007.ldb:441, Bedrock level/db/CURRENT:16, Bedrock level/db/000014.log:1620, Bedrock level/db/MANIFEST-000012:203, Bedrock level/db/000010.ldb:613, Bedrock level/db/000013.ldb:396, Bedrock level/level.dat:2544, Bedrock level/level.dat_old:2544, Bedrock level/levelname.txt:13
Changes to the world are resumed.
Saving...
Data saved. Files are now ready to be copied.
Bedrock level/db/000007.ldb:441, Bedrock level/db/CURRENT:16, Bedrock level/db/000014.log:1620, Bedrock level/db/MANIFEST-000012:203, Bedrock level/db/000010.ldb:613, Bedrock level/db/000013.ldb:396, Bedrock level/level.dat:2544, Bedrock level/level.dat_old:2544, Bedrock level/levelname.txt:13
Changes to the world are resumed.
Saving...
Data saved. Files are now ready to be copied.
Bedrock level/db/000007.ldb:441, Bedrock level/db/CURRENT:16, Bedrock level/db/000014.log:1620, Bedrock level/db/MANIFEST-000012:203, Bedrock level/db/000010.ldb:613, Bedrock level/db/000013.ldb:396, Bedrock level/level.dat:2544, Bedrock level/level.dat_old:2544, Bedrock level/levelname.txt:13
Changes to the world are resumed.
Saving...
Data saved. Files are now ready to be copied.
Bedrock level/db/000007.ldb:441, Bedrock level/db/CURRENT:16, Bedrock level/db/000014.log:1620, Bedrock level/db/MANIFEST-000012:203, Bedrock level/db/000010.ldb:613, Bedrock level/db/000013.ldb:396, Bedrock level/level.dat:2544, Bedrock level/level.dat_old:2544, Bedrock level/levelname.txt:13
Changes to the world are resumed.
Saving...
Data saved. Files are now ready to be copied.
Bedrock level/db/000007.ldb:441, Bedrock level/db/CURRENT:16, Bedrock level/db/000014.log:1620, Bedrock level/db/MANIFEST-000012:203, Bedrock level/db/000010.ldb:613, Bedrock level/db/000013.ldb:396, Bedrock level/level.dat:2544, Bedrock level/level.dat_old:2544, Bedrock level/levelname.txt:13
Changes to the world are resumed.
Saving...
Data saved. Files are now ready to be copied.
Bedrock level/db/000007.ldb:441, Bedrock level/db/CURRENT:16, Bedrock level/db/000014.log:1944, Bedrock level/db/MANIFEST-000012:203, Bedrock level/db/000010.ldb:613, Bedrock level/db/000013.ldb:396, Bedrock level/level.dat:2544, Bedrock level/level.dat_old:2544, Bedrock level/levelname.txt:13
Changes to the world are resumed.
Saving...
Data saved. Files are now ready to be copied.
Bedrock level/db/000007.ldb:441, Bedrock level/db/CURRENT:16, Bedrock level/db/000014.log:1944, Bedrock level/db/MANIFEST-000012:203, Bedrock level/db/000010.ldb:613, Bedrock level/db/000013.ldb:396, Bedrock level/level.dat:2544, Bedrock level/level.dat_old:2544, Bedrock level/levelname.txt:13
Changes to the world are resumed.
[2022-04-22 22:55:00:270 INFO] Server stop requested.
[2022-04-22 22:55:00:319 INFO] Stopping server...
Quit correctly
